15-Nov-2024 18:30:13.039 INFORMACIÓN [main] org.apache.catalina.startup.VersionLoggerListener.log Nombre de la versión del servidor: Apache Tomcat/10.1.31
15-Nov-2024 18:30:13.045 INFORMACIÓN [main] org.apache.catalina.startup.VersionLoggerListener.log Server built:                      Oct 3 2024 19:02:38 UTC
15-Nov-2024 18:30:13.045 INFORMACIÓN [main] org.apache.catalina.startup.VersionLoggerListener.log Número de versión de servidor:     10.1.31.0
15-Nov-2024 18:30:13.045 INFORMACIÓN [main] org.apache.catalina.startup.VersionLoggerListener.log OS Name:                           Linux
15-Nov-2024 18:30:13.045 INFORMACIÓN [main] org.apache.catalina.startup.VersionLoggerListener.log Versión de Systema Operativo:      6.8.10-200.fc39.x86_64
15-Nov-2024 18:30:13.046 INFORMACIÓN [main] org.apache.catalina.startup.VersionLoggerListener.log Arquitectura:                      amd64
15-Nov-2024 18:30:13.046 INFORMACIÓN [main] org.apache.catalina.startup.VersionLoggerListener.log Java Home:                         /usr/lib/jvm/java-17-openjdk-17.0.9.0.9-3.fc39.x86_64
15-Nov-2024 18:30:13.046 INFORMACIÓN [main] org.apache.catalina.startup.VersionLoggerListener.log JVM Version:                       17.0.9+9
15-Nov-2024 18:30:13.046 INFORMACIÓN [main] org.apache.catalina.startup.VersionLoggerListener.log Vededor JVM:                       Red Hat, Inc.
15-Nov-2024 18:30:13.046 INFORMACIÓN [main] org.apache.catalina.startup.VersionLoggerListener.log CATALINA_BASE:                     /ens/home01/l/leandro.mesa/Desktop/tpgr48/apache-tomcat-10.1.31
15-Nov-2024 18:30:13.047 INFORMACIÓN [main] org.apache.catalina.startup.VersionLoggerListener.log CATALINA_HOME:                     /ens/home01/l/leandro.mesa/Desktop/tpgr48/apache-tomcat-10.1.31
15-Nov-2024 18:30:13.073 INFORMACIÓN [main] org.apache.catalina.startup.VersionLoggerListener.log Command line argument:             -Djava.util.logging.config.file=/ens/home01/l/leandro.mesa/Desktop/tpgr48/apache-tomcat-10.1.31/conf/logging.properties
15-Nov-2024 18:30:13.073 INFORMACIÓN [main] org.apache.catalina.startup.VersionLoggerListener.log Command line argument:             -Djava.util.logging.manager=org.apache.juli.ClassLoaderLogManager
15-Nov-2024 18:30:13.073 INFORMACIÓN [main] org.apache.catalina.startup.VersionLoggerListener.log Command line argument:             -Djdk.tls.ephemeralDHKeySize=2048
15-Nov-2024 18:30:13.074 INFORMACIÓN [main] org.apache.catalina.startup.VersionLoggerListener.log Command line argument:             -Djava.protocol.handler.pkgs=org.apache.catalina.webresources
15-Nov-2024 18:30:13.074 INFORMACIÓN [main] org.apache.catalina.startup.VersionLoggerListener.log Command line argument:             -Dorg.apache.catalina.security.SecurityListener.UMASK=0027
15-Nov-2024 18:30:13.074 INFORMACIÓN [main] org.apache.catalina.startup.VersionLoggerListener.log Command line argument:             --add-opens=java.base/java.lang=ALL-UNNAMED
15-Nov-2024 18:30:13.074 INFORMACIÓN [main] org.apache.catalina.startup.VersionLoggerListener.log Command line argument:             --add-opens=java.base/java.io=ALL-UNNAMED
15-Nov-2024 18:30:13.074 INFORMACIÓN [main] org.apache.catalina.startup.VersionLoggerListener.log Command line argument:             --add-opens=java.base/java.util=ALL-UNNAMED
15-Nov-2024 18:30:13.074 INFORMACIÓN [main] org.apache.catalina.startup.VersionLoggerListener.log Command line argument:             --add-opens=java.base/java.util.concurrent=ALL-UNNAMED
15-Nov-2024 18:30:13.074 INFORMACIÓN [main] org.apache.catalina.startup.VersionLoggerListener.log Command line argument:             --add-opens=java.rmi/sun.rmi.transport=ALL-UNNAMED
15-Nov-2024 18:30:13.075 INFORMACIÓN [main] org.apache.catalina.startup.VersionLoggerListener.log Command line argument:             -Dcatalina.base=/ens/home01/l/leandro.mesa/Desktop/tpgr48/apache-tomcat-10.1.31
15-Nov-2024 18:30:13.075 INFORMACIÓN [main] org.apache.catalina.startup.VersionLoggerListener.log Command line argument:             -Dcatalina.home=/ens/home01/l/leandro.mesa/Desktop/tpgr48/apache-tomcat-10.1.31
15-Nov-2024 18:30:13.075 INFORMACIÓN [main] org.apache.catalina.startup.VersionLoggerListener.log Command line argument:             -Djava.io.tmpdir=/ens/home01/l/leandro.mesa/Desktop/tpgr48/apache-tomcat-10.1.31/temp
15-Nov-2024 18:30:13.082 INFORMACIÓN [main] org.apache.catalina.core.AprLifecycleListener.lifecycleEvent Se encuentra instalada una versión muy vieja [1.2.36] de la biblioteca nativa APR de Apache Tomcat, mientras que Tomcat recomienda una versión mayor de [2.0.5]
15-Nov-2024 18:30:13.082 INFORMACIÓN [main] org.apache.catalina.core.AprLifecycleListener.lifecycleEvent Cargada la biblioteca nativa APR de Apache Tomcat [1.2.36] con la versión APR [1.7.5].
15-Nov-2024 18:30:13.085 INFORMACIÓN [main] org.apache.catalina.core.AprLifecycleListener.initializeSSL OpenSSL inicializado correctamente [OpenSSL 3.1.4 24 Oct 2023]
15-Nov-2024 18:30:13.458 INFORMACIÓN [main] org.apache.coyote.AbstractProtocol.init Inicializando el manejador de protocolo ["http-nio-8080"]

15-Nov-2024 18:30:13.495 INFORMACIÓN [main] org.apache.catalina.startup.Catalina.load Server initialization in [1291] milliseconds
15-Nov-2024 18:30:13.574 INFORMACIÓN [main] org.apache.catalina.core.StandardService.startInternal Arrancando servicio [Catalina]
15-Nov-2024 18:30:13.574 INFORMACIÓN [main] org.apache.catalina.core.StandardEngine.startInternal Starting Servlet engine: [Apache Tomcat/10.1.31]
15-Nov-2024 18:30:13.603 INFORMACIÓN [main] org.apache.catalina.startup.HostConfig.deployDirectory Desplegando el directorio [/ens/home01/l/leandro.mesa/Desktop/tpgr48/apache-tomcat-10.1.31/webapps/ROOT] de la aplicación web
15-Nov-2024 18:30:14.147 INFORMACIÓN [main] org.apache.catalina.startup.HostConfig.deployDirectory Deployment of web application directory [/ens/home01/l/leandro.mesa/Desktop/tpgr48/apache-tomcat-10.1.31/webapps/ROOT] has finished in [541] ms
15-Nov-2024 18:30:14.148 INFORMACIÓN [main] org.apache.catalina.startup.HostConfig.deployDirectory Desplegando el directorio [/ens/home01/l/leandro.mesa/Desktop/tpgr48/apache-tomcat-10.1.31/webapps/docs] de la aplicación web
15-Nov-2024 18:30:14.218 INFORMACIÓN [main] org.apache.catalina.startup.HostConfig.deployDirectory Deployment of web application directory [/ens/home01/l/leandro.mesa/Desktop/tpgr48/apache-tomcat-10.1.31/webapps/docs] has finished in [70] ms
15-Nov-2024 18:30:14.218 INFORMACIÓN [main] org.apache.catalina.startup.HostConfig.deployDirectory Desplegando el directorio [/ens/home01/l/leandro.mesa/Desktop/tpgr48/apache-tomcat-10.1.31/webapps/examples] de la aplicación web
15-Nov-2024 18:30:15.379 INFORMACIÓN [main] org.apache.catalina.startup.HostConfig.deployDirectory Deployment of web application directory [/ens/home01/l/leandro.mesa/Desktop/tpgr48/apache-tomcat-10.1.31/webapps/examples] has finished in [1.161] ms
15-Nov-2024 18:30:15.380 INFORMACIÓN [main] org.apache.catalina.startup.HostConfig.deployDirectory Desplegando el directorio [/ens/home01/l/leandro.mesa/Desktop/tpgr48/apache-tomcat-10.1.31/webapps/host-manager] de la aplicación web
15-Nov-2024 18:30:15.462 INFORMACIÓN [main] org.apache.catalina.startup.HostConfig.deployDirectory Deployment of web application directory [/ens/home01/l/leandro.mesa/Desktop/tpgr48/apache-tomcat-10.1.31/webapps/host-manager] has finished in [83] ms
15-Nov-2024 18:30:15.463 INFORMACIÓN [main] org.apache.catalina.startup.HostConfig.deployDirectory Desplegando el directorio [/ens/home01/l/leandro.mesa/Desktop/tpgr48/apache-tomcat-10.1.31/webapps/manager] de la aplicación web
15-Nov-2024 18:30:15.517 INFORMACIÓN [main] org.apache.catalina.startup.HostConfig.deployDirectory Deployment of web application directory [/ens/home01/l/leandro.mesa/Desktop/tpgr48/apache-tomcat-10.1.31/webapps/manager] has finished in [54] ms
15-Nov-2024 18:30:15.525 INFORMACIÓN [main] org.apache.coyote.AbstractProtocol.start Starting ProtocolHandler ["http-nio-8080"]
15-Nov-2024 18:30:15.539 INFORMACIÓN [main] org.apache.catalina.startup.Catalina.start Server startup in [2043] milliseconds
15-Nov-2024 19:00:36.970 INFORMACIÓN [Catalina-utility-2] org.apache.catalina.startup.HostConfig.deployDirectory Desplegando el directorio [/ens/home01/l/leandro.mesa/Desktop/tpgr48/apache-tomcat-10.1.31/webapps/SitioWeb-0.0.1-SNAPSHOT] de la aplicación web
15-Nov-2024 19:00:38.816 INFORMACIÓN [Catalina-utility-2] org.apache.jasper.servlet.TldScanner.scanJars Al menos un JAR, que se ha explorado buscando TLDs, aún no contenía TLDs. Activar historial de depuración para este historiador para una completa lista de los JARs que fueron explorados y de los que nos se halló TLDs. Saltarse JARs no necesarios durante la exploración puede dar lugar a una mejora de tiempo significativa en el arranque y compilación de JSP .
15-Nov-2024 19:00:38.826 INFORMACIÓN [Catalina-utility-2] org.apache.catalina.startup.HostConfig.deployDirectory Deployment of web application directory [/ens/home01/l/leandro.mesa/Desktop/tpgr48/apache-tomcat-10.1.31/webapps/SitioWeb-0.0.1-SNAPSHOT] has finished in [1.974] ms
15-Nov-2024 19:09:38.458 INFORMACIÓN [http-nio-8080-exec-10] altaVueloServlet.doGet zfly
15-Nov-2024 19:09:39.788 INFORMACIÓN [http-nio-8080-exec-5] altaVueloServlet.doGet zfly
15-Nov-2024 19:23:00.280 INFORMACIÓN [Catalina-utility-2] org.apache.catalina.startup.HostConfig.undeploy Repliegue (undeploy) de la aplicación web que tiene como trayectoria de contexto [/SitioWeb-0.0.1-SNAPSHOT]
15-Nov-2024 19:23:00.377 INFORMACIÓN [Catalina-utility-2] org.apache.catalina.startup.HostConfig.deployWAR Despliegue del archivo [/ens/home01/l/leandro.mesa/Desktop/tpgr48/apache-tomcat-10.1.31/webapps/SitioWeb-web.war] de la aplicación web
15-Nov-2024 19:23:03.720 INFORMACIÓN [Catalina-utility-2] org.apache.jasper.servlet.TldScanner.scanJars Al menos un JAR, que se ha explorado buscando TLDs, aún no contenía TLDs. Activar historial de depuración para este historiador para una completa lista de los JARs que fueron explorados y de los que nos se halló TLDs. Saltarse JARs no necesarios durante la exploración puede dar lugar a una mejora de tiempo significativa en el arranque y compilación de JSP .
15-Nov-2024 19:23:03.724 INFORMACIÓN [Catalina-utility-2] org.apache.catalina.startup.HostConfig.deployWAR Deployment of web application archive [/ens/home01/l/leandro.mesa/Desktop/tpgr48/apache-tomcat-10.1.31/webapps/SitioWeb-web.war] has finished in [3.347] ms
15-Nov-2024 19:30:24.036 INFORMACIÓN [Catalina-utility-1] org.apache.catalina.startup.HostConfig.undeploy Repliegue (undeploy) de la aplicación web que tiene como trayectoria de contexto [/SitioWeb-web]
15-Nov-2024 19:31:14.118 INFORMACIÓN [Catalina-utility-1] org.apache.catalina.startup.HostConfig.deployDirectory Desplegando el directorio [/ens/home01/l/leandro.mesa/Desktop/tpgr48/apache-tomcat-10.1.31/webapps/SitioWeb-web] de la aplicación web
15-Nov-2024 19:31:16.094 INFORMACIÓN [Catalina-utility-1] org.apache.jasper.servlet.TldScanner.scanJars Al menos un JAR, que se ha explorado buscando TLDs, aún no contenía TLDs. Activar historial de depuración para este historiador para una completa lista de los JARs que fueron explorados y de los que nos se halló TLDs. Saltarse JARs no necesarios durante la exploración puede dar lugar a una mejora de tiempo significativa en el arranque y compilación de JSP .
15-Nov-2024 19:31:16.108 INFORMACIÓN [Catalina-utility-1] org.apache.catalina.startup.HostConfig.deployDirectory Deployment of web application directory [/ens/home01/l/leandro.mesa/Desktop/tpgr48/apache-tomcat-10.1.31/webapps/SitioWeb-web] has finished in [1.988] ms
15-Nov-2024 19:34:06.676 INFORMACIÓN [Catalina-utility-2] org.apache.catalina.startup.HostConfig.undeploy Repliegue (undeploy) de la aplicación web que tiene como trayectoria de contexto [/SitioWeb-web]
15-Nov-2024 19:36:36.752 INFORMACIÓN [Catalina-utility-1] org.apache.catalina.startup.HostConfig.deployDirectory Desplegando el directorio [/ens/home01/l/leandro.mesa/Desktop/tpgr48/apache-tomcat-10.1.31/webapps/SitioWeb-web] de la aplicación web
15-Nov-2024 19:36:37.915 INFORMACIÓN [Catalina-utility-1] org.apache.jasper.servlet.TldScanner.scanJars Al menos un JAR, que se ha explorado buscando TLDs, aún no contenía TLDs. Activar historial de depuración para este historiador para una completa lista de los JARs que fueron explorados y de los que nos se halló TLDs. Saltarse JARs no necesarios durante la exploración puede dar lugar a una mejora de tiempo significativa en el arranque y compilación de JSP .
15-Nov-2024 19:36:37.918 INFORMACIÓN [Catalina-utility-1] org.apache.catalina.startup.HostConfig.deployDirectory Deployment of web application directory [/ens/home01/l/leandro.mesa/Desktop/tpgr48/apache-tomcat-10.1.31/webapps/SitioWeb-web] has finished in [1.166] ms
15-Nov-2024 19:57:39.128 INFORMACIÓN [Catalina-utility-1] org.apache.catalina.startup.HostConfig.undeploy Repliegue (undeploy) de la aplicación web que tiene como trayectoria de contexto [/SitioWeb-web]
15-Nov-2024 19:57:49.176 INFORMACIÓN [Catalina-utility-1] org.apache.catalina.startup.HostConfig.deployDirectory Desplegando el directorio [/ens/home01/l/leandro.mesa/Desktop/tpgr48/apache-tomcat-10.1.31/webapps/SitioWeb-web] de la aplicación web
15-Nov-2024 19:57:50.422 INFORMACIÓN [Catalina-utility-1] org.apache.jasper.servlet.TldScanner.scanJars Al menos un JAR, que se ha explorado buscando TLDs, aún no contenía TLDs. Activar historial de depuración para este historiador para una completa lista de los JARs que fueron explorados y de los que nos se halló TLDs. Saltarse JARs no necesarios durante la exploración puede dar lugar a una mejora de tiempo significativa en el arranque y compilación de JSP .
15-Nov-2024 19:57:50.425 INFORMACIÓN [Catalina-utility-1] org.apache.catalina.startup.HostConfig.deployDirectory Deployment of web application directory [/ens/home01/l/leandro.mesa/Desktop/tpgr48/apache-tomcat-10.1.31/webapps/SitioWeb-web] has finished in [1.248] ms
15-Nov-2024 20:00:41.076 INFORMACIÓN [Catalina-utility-1] org.apache.catalina.startup.HostConfig.undeploy Repliegue (undeploy) de la aplicación web que tiene como trayectoria de contexto [/SitioWeb-web]
15-Nov-2024 20:02:11.185 INFORMACIÓN [Catalina-utility-1] org.apache.catalina.startup.HostConfig.deployDirectory Desplegando el directorio [/ens/home01/l/leandro.mesa/Desktop/tpgr48/apache-tomcat-10.1.31/webapps/SitioWeb-web] de la aplicación web
15-Nov-2024 20:02:12.458 INFORMACIÓN [Catalina-utility-1] org.apache.jasper.servlet.TldScanner.scanJars Al menos un JAR, que se ha explorado buscando TLDs, aún no contenía TLDs. Activar historial de depuración para este historiador para una completa lista de los JARs que fueron explorados y de los que nos se halló TLDs. Saltarse JARs no necesarios durante la exploración puede dar lugar a una mejora de tiempo significativa en el arranque y compilación de JSP .
15-Nov-2024 20:02:12.461 INFORMACIÓN [Catalina-utility-1] org.apache.catalina.startup.HostConfig.deployDirectory Deployment of web application directory [/ens/home01/l/leandro.mesa/Desktop/tpgr48/apache-tomcat-10.1.31/webapps/SitioWeb-web] has finished in [1.276] ms
15-Nov-2024 20:20:13.523 INFORMACIÓN [Catalina-utility-2] org.apache.catalina.startup.HostConfig.undeploy Repliegue (undeploy) de la aplicación web que tiene como trayectoria de contexto [/SitioWeb-web]
15-Nov-2024 20:20:43.575 INFORMACIÓN [Catalina-utility-2] org.apache.catalina.startup.HostConfig.deployDirectory Desplegando el directorio [/ens/home01/l/leandro.mesa/Desktop/tpgr48/apache-tomcat-10.1.31/webapps/SitioWeb-web] de la aplicación web
15-Nov-2024 20:20:45.087 INFORMACIÓN [Catalina-utility-2] org.apache.jasper.servlet.TldScanner.scanJars Al menos un JAR, que se ha explorado buscando TLDs, aún no contenía TLDs. Activar historial de depuración para este historiador para una completa lista de los JARs que fueron explorados y de los que nos se halló TLDs. Saltarse JARs no necesarios durante la exploración puede dar lugar a una mejora de tiempo significativa en el arranque y compilación de JSP .
15-Nov-2024 20:20:45.090 INFORMACIÓN [Catalina-utility-2] org.apache.catalina.startup.HostConfig.deployDirectory Deployment of web application directory [/ens/home01/l/leandro.mesa/Desktop/tpgr48/apache-tomcat-10.1.31/webapps/SitioWeb-web] has finished in [1.515] ms
